<?xml version="1.0" encoding="UTF-8"?>
<testng-results ignored="0" total="5" passed="5" failed="0" skipped="0">
  <reporter-output>
  </reporter-output>
  <suite started-at="2025-10-01T23:03:31 IST" name="Suite" finished-at="2025-10-01T23:04:34 IST" duration-ms="62958">
    <groups>
      <group name="ErrorHandling">
        <method signature="ErrorValidationsTest.loginErrorValidations()[pri:0, instance:Selenium.ErrorValidationsTest@58ea606c]" name="loginErrorValidations" class="Selenium.ErrorValidationsTest"/>
      </group> <!-- ErrorHandling -->
      <group name="Purchase">
        <method signature="POMStandAloneTest.submitOrder(java.util.HashMap)[pri:0, instance:Selenium.POMStandAloneTest@682b2fa]" name="submitOrder" class="Selenium.POMStandAloneTest"/>
      </group> <!-- Purchase -->
    </groups>
    <test started-at="2025-10-01T23:03:31 IST" name="Error Validation Test" finished-at="2025-10-01T23:04:00 IST" duration-ms="28717">
      <class name="Selenium.ErrorValidationsTest">
        <test-method is-config="true" signature="launchApplication()[pri:0, instance:Selenium.ErrorValidationsTest@58ea606c]" started-at="2025-10-01T23:03:31 IST" name="launchApplication" finished-at="2025-10-01T23:03:39 IST" duration-ms="7619" status="PASS">
          <reporter-output>
          </reporter-output>
        </test-method> <!-- launchApplication -->
        <test-method signature="ProductErrorValidations()[pri:0, instance:Selenium.ErrorValidationsTest@58ea606c]" started-at="2025-10-01T23:03:39 IST" name="ProductErrorValidations" finished-at="2025-10-01T23:03:54 IST" duration-ms="14765" status="PASS">
          <reporter-output>
          </reporter-output>
        </test-method> <!-- ProductErrorValidations -->
        <test-method is-config="true" signature="tearDown()[pri:0, instance:Selenium.ErrorValidationsTest@58ea606c]" started-at="2025-10-01T23:03:54 IST" name="tearDown" finished-at="2025-10-01T23:03:54 IST" duration-ms="605" status="PASS">
          <reporter-output>
          </reporter-output>
        </test-method> <!-- tearDown -->
        <test-method is-config="true" signature="launchApplication()[pri:0, instance:Selenium.ErrorValidationsTest@58ea606c]" started-at="2025-10-01T23:03:54 IST" name="launchApplication" finished-at="2025-10-01T23:03:59 IST" duration-ms="4340" status="PASS">
          <reporter-output>
          </reporter-output>
        </test-method> <!-- launchApplication -->
        <test-method signature="loginErrorValidations()[pri:0, instance:Selenium.ErrorValidationsTest@58ea606c]" started-at="2025-10-01T23:03:59 IST" name="loginErrorValidations" finished-at="2025-10-01T23:03:59 IST" duration-ms="675" status="PASS">
          <reporter-output>
          </reporter-output>
        </test-method> <!-- loginErrorValidations -->
        <test-method is-config="true" signature="tearDown()[pri:0, instance:Selenium.ErrorValidationsTest@58ea606c]" started-at="2025-10-01T23:03:59 IST" name="tearDown" finished-at="2025-10-01T23:04:00 IST" duration-ms="655" status="PASS">
          <reporter-output>
          </reporter-output>
        </test-method> <!-- tearDown -->
      </class> <!-- Selenium.ErrorValidationsTest -->
    </test> <!-- Error Validation Test -->
    <test started-at="2025-10-01T23:03:31 IST" name="POM Stand Alone Test" finished-at="2025-10-01T23:04:34 IST" duration-ms="62958">
      <class name="Selenium.POMStandAloneTest">
        <test-method is-config="true" signature="launchApplication()[pri:0, instance:Selenium.POMStandAloneTest@682b2fa]" started-at="2025-10-01T23:03:32 IST" name="launchApplication" finished-at="2025-10-01T23:03:39 IST" duration-ms="6617" status="PASS">
          <reporter-output>
          </reporter-output>
        </test-method> <!-- launchApplication -->
        <test-method signature="submitOrder(java.util.HashMap)[pri:0, instance:Selenium.POMStandAloneTest@682b2fa]" started-at="2025-10-01T23:03:39 IST" name="submitOrder" data-provider="getData" finished-at="2025-10-01T23:03:59 IST" duration-ms="20050" status="PASS">
          <params>
            <param index="0">
              <value>
                <![CDATA[{password=a12345@A, product=ADIDAS ORIGINAL, partialCountryName=ind, coupon=rahulshettyacademy, tyMSG=THANKYOU FOR THE ORDER., countryName=India, email=avinash123@gmail.com}]]>
              </value>
            </param>
          </params>
          <reporter-output>
          </reporter-output>
        </test-method> <!-- submitOrder -->
        <test-method is-config="true" signature="tearDown()[pri:0, instance:Selenium.POMStandAloneTest@682b2fa]" started-at="2025-10-01T23:03:59 IST" name="tearDown" finished-at="2025-10-01T23:03:59 IST" duration-ms="748" status="PASS">
          <reporter-output>
          </reporter-output>
        </test-method> <!-- tearDown -->
        <test-method is-config="true" signature="launchApplication()[pri:0, instance:Selenium.POMStandAloneTest@682b2fa]" started-at="2025-10-01T23:03:59 IST" name="launchApplication" finished-at="2025-10-01T23:04:04 IST" duration-ms="4660" status="PASS">
          <reporter-output>
          </reporter-output>
        </test-method> <!-- launchApplication -->
        <test-method signature="submitOrder(java.util.HashMap)[pri:0, instance:Selenium.POMStandAloneTest@682b2fa]" started-at="2025-10-01T23:04:04 IST" name="submitOrder" data-provider="getData" finished-at="2025-10-01T23:04:24 IST" duration-ms="19523" status="PASS">
          <params>
            <param index="0">
              <value>
                <![CDATA[{password=Avinash0062@1, product=ZARA COAT 3, partialCountryName=cub, coupon=rahulshettyacademy, tyMSG=THANKYOU FOR THE ORDER., countryName=Cuba, email=avinash0062@gmail.com}]]>
              </value>
            </param>
          </params>
          <reporter-output>
          </reporter-output>
        </test-method> <!-- submitOrder -->
        <test-method is-config="true" signature="tearDown()[pri:0, instance:Selenium.POMStandAloneTest@682b2fa]" started-at="2025-10-01T23:04:24 IST" name="tearDown" finished-at="2025-10-01T23:04:24 IST" duration-ms="548" status="PASS">
          <reporter-output>
          </reporter-output>
        </test-method> <!-- tearDown -->
        <test-method is-config="true" signature="launchApplication()[pri:0, instance:Selenium.POMStandAloneTest@682b2fa]" started-at="2025-10-01T23:04:24 IST" name="launchApplication" finished-at="2025-10-01T23:04:28 IST" duration-ms="3898" status="PASS">
          <reporter-output>
          </reporter-output>
        </test-method> <!-- launchApplication -->
        <test-method signature="verifyProductInOrdersPage()[pri:0, instance:Selenium.POMStandAloneTest@682b2fa]" started-at="2025-10-01T23:04:28 IST" name="verifyProductInOrdersPage" finished-at="2025-10-01T23:04:34 IST" depends-on-methods="Selenium.POMStandAloneTest.submitOrder" duration-ms="5917" status="PASS">
          <reporter-output>
          </reporter-output>
        </test-method> <!-- verifyProductInOrdersPage -->
        <test-method is-config="true" signature="tearDown()[pri:0, instance:Selenium.POMStandAloneTest@682b2fa]" started-at="2025-10-01T23:04:34 IST" name="tearDown" finished-at="2025-10-01T23:04:34 IST" duration-ms="513" status="PASS">
          <reporter-output>
          </reporter-output>
        </test-method> <!-- tearDown -->
      </class> <!-- Selenium.POMStandAloneTest -->
    </test> <!-- POM Stand Alone Test -->
  </suite> <!-- Suite -->
</testng-results>
