<?xml version="1.0" encoding="UTF-8"?>
<testng-results ignored="3" total="4" passed="1" failed="0" skipped="0">
  <reporter-output>
  </reporter-output>
  <suite started-at="2025-09-30T21:36:39 IST" name="Suite" finished-at="2025-09-30T21:36:55 IST" duration-ms="16067">
    <groups>
      <group name="ErrorHandling">
        <method signature="ErrorValidationsTest.loginErrorValidations()[pri:0, instance:SeleniumRevision.ErrorValidationsTest@c86b9e3]" name="loginErrorValidations" class="SeleniumRevision.ErrorValidationsTest"/>
      </group> <!-- ErrorHandling -->
    </groups>
    <test started-at="2025-09-30T21:36:39 IST" name="POM Stand Alone Test" finished-at="2025-09-30T21:36:39 IST" duration-ms="26">
    </test> <!-- POM Stand Alone Test -->
    <test started-at="2025-09-30T21:36:39 IST" name="Error Validation Test" finished-at="2025-09-30T21:36:55 IST" duration-ms="16067">
      <class name="SeleniumRevision.ErrorValidationsTest">
        <test-method is-config="true" signature="launchApplication()[pri:0, instance:SeleniumRevision.ErrorValidationsTest@c86b9e3]" started-at="2025-09-30T21:36:39 IST" name="launchApplication" finished-at="2025-09-30T21:36:53 IST" duration-ms="14498" status="PASS">
          <reporter-output>
          </reporter-output>
        </test-method> <!-- launchApplication -->
        <test-method signature="loginErrorValidations()[pri:0, instance:SeleniumRevision.ErrorValidationsTest@c86b9e3]" started-at="2025-09-30T21:36:53 IST" name="loginErrorValidations" finished-at="2025-09-30T21:36:54 IST" duration-ms="720" status="PASS">
          <reporter-output>
          </reporter-output>
        </test-method> <!-- loginErrorValidations -->
        <test-method is-config="true" signature="tearDown()[pri:0, instance:SeleniumRevision.ErrorValidationsTest@c86b9e3]" started-at="2025-09-30T21:36:54 IST" name="tearDown" finished-at="2025-09-30T21:36:55 IST" duration-ms="705" status="PASS">
          <reporter-output>
          </reporter-output>
        </test-method> <!-- tearDown -->
      </class> <!-- SeleniumRevision.ErrorValidationsTest -->
    </test> <!-- Error Validation Test -->
  </suite> <!-- Suite -->
</testng-results>
