<?xml version="1.0" encoding="UTF-8"?>
<!-- Generated by org.testng.reporters.JUnitXMLReporter -->
<testsuite ignored="1" hostname="DESKTOP-U1FRHHN" failures="0" tests="1" name="Error Validation Test" time="16.067" errors="0" timestamp="2025-09-30T21:36:55 IST">
  <testcase classname="SeleniumRevision.ErrorValidationsTest" name="loginErrorValidations" time="0.72"/>
  <testcase classname="SeleniumRevision.ErrorValidationsTest" name="ProductErrorValidations" time="0.0">
    <ignored/>
  </testcase> <!-- ProductErrorValidations -->
</testsuite> <!-- Error Validation Test -->
