<?xml version="1.0" encoding="UTF-8"?>
<!-- Generated by org.testng.reporters.JUnitXMLReporter -->
<testsuite ignored="2" hostname="DESKTOP-U1FRHHN" failures="0" tests="0" time="0.026" errors="0" timestamp="2025-09-30T21:36:39 IST">
  <testcase classname="SeleniumRevision.POMStandAloneTest" name="submitOrder" time="0.0">
    <ignored/>
  </testcase> <!-- submitOrder -->
  <testcase classname="SeleniumRevision.POMStandAloneTest" name="verifyProductInOrdersPage" time="0.0">
    <ignored/>
  </testcase> <!-- verifyProductInOrdersPage -->
</testsuite>
