<?xml version="1.0" encoding="UTF-8"?>
<!-- Generated by org.testng.reporters.JUnitXMLReporter -->
<testsuite ignored="0" hostname="DESKTOP-U1FRHHN" failures="0" tests="3" name="Default test" time="30.125" errors="0" timestamp="2025-09-23T19:33:34 IST">
  <testcase classname="SeleniumRevision.POMStandAloneTest" name="submitOrder" time="6.625"/>
  <testcase classname="SeleniumRevision.POMStandAloneTest" name="submitOrder" time="7.65"/>
  <testcase classname="SeleniumRevision.POMStandAloneTest" name="verifyProductInOrdersPage" time="5.81"/>
</testsuite> <!-- Default test -->
