<?xml version="1.0" encoding="UTF-8"?>
<!-- Generated by org.testng.reporters.JUnitXMLReporter -->
<testsuite ignored="0" hostname="DESKTOP-U1FRHHN" failures="0" tests="2" name="Error Validation Test" time="28.717" errors="0" timestamp="2025-10-01T23:04:00 IST">
  <testcase classname="Selenium.ErrorValidationsTest" name="ProductErrorValidations" time="14.765"/>
  <testcase classname="Selenium.ErrorValidationsTest" name="loginErrorValidations" time="0.675"/>
</testsuite> <!-- Error Validation Test -->
