<?xml version="1.0" encoding="UTF-8"?>
<!-- Generated by org.testng.reporters.JUnitXMLReporter -->
<testsuite ignored="0" hostname="DESKTOP-U1FRHHN" failures="0" tests="3" name="POM Stand Alone Test" time="62.958" errors="0" timestamp="2025-10-01T23:04:34 IST">
  <testcase classname="Selenium.POMStandAloneTest" name="submitOrder" time="20.05"/>
  <testcase classname="Selenium.POMStandAloneTest" name="submitOrder" time="19.523"/>
  <testcase classname="Selenium.POMStandAloneTest" name="verifyProductInOrdersPage" time="5.917"/>
</testsuite> <!-- POM Stand Alone Test -->
